<?xml version="1.0" encoding="UTF-8"?>
<testng-results ignored="0" total="1" passed="1" failed="0" skipped="0">
  <reporter-output>
  </reporter-output>
  <suite started-at="2020-01-22T00:31:31 CST" name="Default suite" finished-at="2020-01-22T00:31:57 CST" duration-ms="25912">
    <groups>
    </groups>
    <test started-at="2020-01-22T00:31:31 CST" name="Default test" finished-at="2020-01-22T00:31:57 CST" duration-ms="25912">
      <class name="Keyboard_Gesture">
        <test-method signature="alertDropdown()[pri:0, instance:Keyboard_Gesture@2cbb3d47]" started-at="2020-01-22T00:31:31 CST" name="alertDropdown" finished-at="2020-01-22T00:31:57 CST" duration-ms="25866" status="PASS">
          <reporter-output>
          </reporter-output>
        </test-method> <!-- alertDropdown -->
      </class> <!-- Keyboard_Gesture -->
    </test> <!-- Default test -->
  </suite> <!-- Default suite -->
</testng-results>
